<?xml version="1.0" encoding="utf-8"?><testsuites name="pytest tests"><testsuite name="pytest" errors="0" failures="0" skipped="0" tests="11" time="1.807" timestamp="2026-09-16T22:07:04.332574+00:00" hostname="agent-env-25d48d1f-bd33-4e47-a7ca-14434c953b8f"><testcase classname="tests.test_iteration6_fallback.TestConfigEndpoint" name="test_get_config_returns_200" time="0.293" /><testcase classname="tests.test_iteration6_fallback.TestAdminLoginFallback" name="test_login_returns_200_and_jwt_token" time="0.358" /><testcase classname="tests.test_iteration6_fallback.TestConfigEndpoint" name="test_get_config_has_key_field" time="0.141" /><testcase classname="tests.test_iteration6_fallback.TestAdminLoginFallback" name="test_login_wrong_password_returns_401" time="0.227" /><testcase classname="tests.test_iteration6_fallback.TestConfigEndpoint" name="test_get_config_has_data_field" time="0.185" /><testcase classname="tests.test_iteration6_fallback.TestAdminLoginFallback" name="test_login_wrong_username_returns_401" time="0.144" /><testcase classname="tests.test_iteration6_fallback.TestAdminLoginFallback" name="test_login_missing_fields_returns_422" time="0.215" /><testcase classname="tests.test_iteration6_fallback.TestAdminVerifyWithToken" name="test_verify_valid_token_returns_200" time="0.372" /><testcase classname="tests.test_iteration6_fallback.TestAPIRoot" name="test_api_root_returns_200" time="0.144" /><testcase classname="tests.test_iteration6_fallback.TestAdminVerifyWithToken" name="test_verify_bad_token_returns_401" time="0.147" /><testcase classname="tests.test_iteration6_fallback.TestAdminVerifyWithToken" name="test_verify_no_auth_header_returns_401" time="0.129" /></testsuite></testsuites>