<?xml version="1.0" encoding="utf-8"?><testsuites name="pytest tests"><testsuite name="pytest" errors="0" failures="0" skipped="0" tests="9" time="2.055" timestamp="2026-09-16T14:02:15.184524+00:00" hostname="agent-env-25d48d1f-bd33-4e47-a7ca-14434c953b8f"><testcase classname="tests.test_admin_auth.TestAdminLogin" name="test_login_success_returns_200_and_token" time="0.316" /><testcase classname="tests.test_admin_auth.TestAdminLogin" name="test_login_wrong_password_returns_401" time="0.250" /><testcase classname="tests.test_admin_auth.TestAdminVerify" name="test_verify_valid_token_returns_200_and_valid_true" time="0.598" /><testcase classname="tests.test_admin_auth.TestAdminLogin" name="test_login_wrong_username_returns_401" time="0.194" /><testcase classname="tests.test_admin_auth.TestAdminVerify" name="test_verify_invalid_token_returns_401" time="0.231" /><testcase classname="tests.test_admin_auth.TestAdminLogin" name="test_login_empty_credentials_returns_401" time="0.206" /><testcase classname="tests.test_admin_auth.TestAdminVerify" name="test_verify_no_token_returns_401" time="0.306" /><testcase classname="tests.test_admin_auth.TestAdminLogin" name="test_login_missing_fields_returns_422" time="0.239" /><testcase classname="tests.test_admin_auth.TestAdminVerify" name="test_verify_malformed_bearer_returns_401" time="0.153" /></testsuite></testsuites>