<?xml version="1.0" encoding="utf-8"?><testsuites name="pytest tests"><testsuite name="pytest" errors="0" failures="0" skipped="0" tests="14" time="1.579" timestamp="2026-09-17T13:03:24.518974+00:00" hostname="agent-env-25d48d1f-bd33-4e47-a7ca-14434c953b8f"><testcase classname="tests.test_cors_iteration8.TestCodeSourceVerification" name="test_cors_origins_hardcoded" time="0.000" /><testcase classname="tests.test_cors_iteration8.TestCORSPreflightOptions" name="test_preflight_www_nblocacoes_com" time="0.280" /><testcase classname="tests.test_cors_iteration8.TestCodeSourceVerification" name="test_no_cors_origins_env_var" time="0.000" /><testcase classname="tests.test_cors_iteration8.TestCodeSourceVerification" name="test_middleware_before_include_router" time="0.000" /><testcase classname="tests.test_cors_iteration8.TestCodeSourceVerification" name="test_cors_middleware_uses_hardcoded_list" time="0.000" /><testcase classname="tests.test_cors_iteration8.TestAdminLoginWithCORS" name="test_admin_login_returns_token_with_cors_header" time="0.351" /><testcase classname="tests.test_cors_iteration8.TestCORSPreflightOptions" name="test_preflight_nblocacoes_com_no_www" time="0.164" /><testcase classname="tests.test_cors_iteration8.TestAdminLoginWithCORS" name="test_admin_login_invalid_credentials_returns_401" time="0.165" /><testcase classname="tests.test_cors_iteration8.TestCORSPreflightOptions" name="test_preflight_nblocacoes_site_onrender" time="0.191" /><testcase classname="tests.test_cors_iteration8.TestAdminLoginWithCORS" name="test_admin_login_cors_allow_credentials_header" time="0.185" /><testcase classname="tests.test_cors_iteration8.TestCORSPreflightOptions" name="test_preflight_disallowed_origin_rejected" time="0.183" /><testcase classname="tests.test_cors_iteration8.TestGetConfigWithCORS" name="test_get_config_with_cors_header" time="0.154" /><testcase classname="tests.test_cors_iteration8.TestCORSPreflightOptions" name="test_preflight_get_config_with_allowed_origin" time="0.168" /><testcase classname="tests.test_cors_iteration8.TestGetConfigWithCORS" name="test_get_config_response_structure" time="0.179" /></testsuite></testsuites>